The system is: Windows - 10.0.19043 - AMD64
Compiling the C compiler identification source file "CMakeCCompilerId.c" succeeded.
Compiler: D:/VisualStudio/VC/Tools/MSVC/14.31.31103/bin/Hostx86/x86/cl.exe 
Build flags: 
Id flags:  

The output was:
0
Microsoft (R) C/C++ Optimizing Compiler Version 19.31.31104 for x86
Copyright (C) Microsoft Corporation.  All rights reserved.

CMakeCCompilerId.c
Microsoft (R) Incremental Linker Version 14.31.31104.0
Copyright (C) Microsoft Corporation.  All rights reserved.

/out:CMakeCCompilerId.exe 
CMakeCCompilerId.obj 


Compilation of the C compiler identification source "CMakeCCompilerId.c" produced "CMakeCCompilerId.exe"

Compilation of the C compiler identification source "CMakeCCompilerId.c" produced "CMakeCCompilerId.obj"

The C compiler identification is MSVC, found in "C:/Users/timod/OOP Projects/a1-Timoficiuc-Daniel-1/cmake-build-debug/CMakeFiles/3.20.2/CompilerIdC/CMakeCCompilerId.exe"

Detecting C compiler ABI info compiled with the following output:
Change Dir: C:/Users/timod/OOP Projects/a1-Timoficiuc-Daniel-1/cmake-build-debug/CMakeFiles/CMakeTmp

Run Build Command(s):nmake -f Makefile /nologo cmTC_66301\fast && 	D:\VisualStudio\VC\Tools\MSVC\14.31.31103\bin\HostX86\x86\nmake.exe  -f CMakeFiles\cmTC_66301.dir\build.make /nologo -L                  CMakeFiles\cmTC_66301.dir\build
Building C object CMakeFiles/cmTC_66301.dir/CMakeCCompilerABI.c.obj
	"D:\CLion 2021.2.2\bin\cmake\win\bin\cmake.exe" -E cmake_cl_compile_depends --dep-file=CMakeFiles\cmTC_66301.dir\CMakeCCompilerABI.c.obj.d --working-dir="C:\Users\timod\OOP Projects\a1-Timoficiuc-Daniel-1\cmake-build-debug\CMakeFiles\CMakeTmp" --filter-prefix="" -- D:\VisualStudio\VC\Tools\MSVC\14.31.31103\bin\Hostx86\x86\cl.exe @C:\Users\timod\AppData\Local\Temp\nmABDC.tmp
Linking C executable cmTC_66301.exe
	"D:\CLion 2021.2.2\bin\cmake\win\bin\cmake.exe" -E vs_link_exe --intdir=CMakeFiles\cmTC_66301.dir --rc=C:\PROGRA~2\WI3CF2~1\10\bin\100190~1.0\x86\rc.exe --mt=C:\PROGRA~2\WI3CF2~1\10\bin\100190~1.0\x86\mt.exe --manifests -- D:\VisualStudio\VC\Tools\MSVC\14.31.31103\bin\Hostx86\x86\link.exe /nologo @CMakeFiles\cmTC_66301.dir\objects1.rsp @C:\Users\timod\AppData\Local\Temp\nmAC5A.tmp



